============================================================
  Generated by:           Genus(TM) Synthesis Solution 22.17-s071_1
  Generated on:           Jan 16 2026  08:10:11 pm
  Module:                 topo
  Operating conditions:   PVT_0P9V_125C (balanced_tree)
  Wireload mode:          enclosed
  Area mode:              timing library
============================================================

                                
   Gate    Instances    Area        Library    
-----------------------------------------------
ADDFX1            31    159.030    slow_vdd1v0 
AND2X1            98    134.064    slow_vdd1v0 
AND2X2            82    140.220    slow_vdd1v0 
AND2XL            48     65.664    slow_vdd1v0 
AND3X1             1      2.394    slow_vdd1v0 
AND3X2             1      2.736    slow_vdd1v0 
AND3XL             7     14.364    slow_vdd1v0 
AO21X1             2      4.788    slow_vdd1v0 
AO21X2             2      5.472    slow_vdd1v0 
AO22XL            39    106.704    slow_vdd1v0 
AOI21X1            4      6.840    slow_vdd1v0 
AOI21XL            1      1.710    slow_vdd1v0 
AOI221X1           8     19.152    slow_vdd1v0 
AOI222X1          67    206.226    slow_vdd1v0 
AOI22X1         1037   2127.924    slow_vdd1v0 
AOI22XL            3      6.156    slow_vdd1v0 
AOI2BB1XL         27     55.404    slow_vdd1v0 
AOI32X1            2      4.788    slow_vdd1v0 
BUFX4              2      4.788    slow_vdd1v0 
CLKINVX4          27     46.170    slow_vdd1v0 
DFFHQX1           38    207.936    slow_vdd1v0 
DFFHQX8            9     83.106    slow_vdd1v0 
DFFQX4             1      7.182    slow_vdd1v0 
DFFQXL           122    667.584    slow_vdd1v0 
DFFRHQX1           3     18.468    slow_vdd1v0 
DFFRX1             1      6.840    slow_vdd1v0 
DFFRX4            26    248.976    slow_vdd1v0 
DFFX1             27    193.914    slow_vdd1v0 
DFFX4              1      9.234    slow_vdd1v0 
INVX1             71     48.564    slow_vdd1v0 
INVX2              4      4.104    slow_vdd1v0 
INVX6              1      2.394    slow_vdd1v0 
INVXL              9      6.156    slow_vdd1v0 
MX2X1              1      2.394    slow_vdd1v0 
MX2XL              6     14.364    slow_vdd1v0 
MXI2XL            36     86.184    slow_vdd1v0 
NAND2BX1           9     12.312    slow_vdd1v0 
NAND2X1           34     34.884    slow_vdd1v0 
NAND2XL            5      5.130    slow_vdd1v0 
NAND3BXL           1      1.710    slow_vdd1v0 
NAND3X1           66    112.860    slow_vdd1v0 
NAND4XL          194    331.740    slow_vdd1v0 
NOR2BX1           30     41.040    slow_vdd1v0 
NOR2X1            29     29.754    slow_vdd1v0 
NOR2X2             1      1.710    slow_vdd1v0 
NOR2XL             2      2.052    slow_vdd1v0 
NOR3BX1           10     20.520    slow_vdd1v0 
NOR3X2             1      2.736    slow_vdd1v0 
NOR4X1            31     53.010    slow_vdd1v0 
OA21X1             5     10.260    slow_vdd1v0 
OA22X1             1      2.394    slow_vdd1v0 
OAI211X1          13     22.230    slow_vdd1v0 
OAI21XL            1      1.710    slow_vdd1v0 
OAI221X1           6     14.364    slow_vdd1v0 
OAI222X1           9     24.624    slow_vdd1v0 
OAI22X1           75    153.900    slow_vdd1v0 
OAI2BB1X1         73    124.830    slow_vdd1v0 
OAI2BB1X2          2      6.156    slow_vdd1v0 
OAI31X1            1      2.052    slow_vdd1v0 
OR2X1              4      5.472    slow_vdd1v0 
OR2X2             13     22.230    slow_vdd1v0 
OR2XL             16     21.888    slow_vdd1v0 
OR4X1             45     92.340    slow_vdd1v0 
OR4X6             31    169.632    slow_vdd1v0 
SDFFQX1          992   7463.808    slow_vdd1v0 
XNOR2X1            9     21.546    slow_vdd1v0 
-----------------------------------------------
total           3554  13530.888                


                                          
     Type      Instances    Area   Area % 
------------------------------------------
sequential          1220  8907.048   65.8 
inverter             112   107.388    0.8 
buffer                 2     4.788    0.0 
logic               2220  4511.664   33.3 
physical_cells         0     0.000    0.0 
------------------------------------------
total               3554 13530.888  100.0 

