============================================================
  Generated by:           Genus(TM) Synthesis Solution 22.17-s071_1
  Generated on:           Jan 16 2026  08:10:10 pm
  Module:                 topo
  Operating conditions:   PVT_0P9V_125C (balanced_tree)
  Wireload mode:          enclosed
  Area mode:              timing library
============================================================


Path 1: MET (7877 ps) Late External Delay Assertion at pin debug_ALUResult[31]
          Group: clk
     Startpoint: (R) II2_reg[1]/CK
          Clock: (R) clk
       Endpoint: (F) debug_ALUResult[31]
          Clock: (R) clk

                     Capture       Launch     
        Clock Edge:+   30000            0     
       Src Latency:+    1500         1500     
       Net Latency:+     900 (I)      900 (I) 
           Arrival:=   32400         2400     
                                              
      Output Delay:-    9000                  
       Uncertainty:-    3000                  
     Required Time:=   20400                  
      Launch Clock:-    2400                  
         Data Path:-   10123                  
             Slack:=    7877                  

Exceptions/Constraints:
  output_delay             9000            constraints_baseline_line_49_32_1 

#----------------------------------------------------------------------------------------------------------------------------
#                   Timing Point                     Flags    Arc   Edge   Cell     Fanout Load Trans Delay Arrival Instance 
#                                                                                          (fF)  (ps)  (ps)   (ps)  Location 
#----------------------------------------------------------------------------------------------------------------------------
  II2_reg[1]/CK                                      -       -      R     (arrival)   1220    -  3000     0    2400    (-,-) 
  II2_reg[1]/Q                                       -       CK->Q  R     DFFHQX8        7 42.4   128  1834    4234    (-,-) 
  g26029/Y                                           -       A->Y   F     NOR4X1         1  0.2    64   115    4349    (-,-) 
  g26021/Y                                           -       A1N->Y F     OAI2BB1X1      2  0.5    77   107    4456    (-,-) 
  g26015/Y                                           -       AN->Y  F     NAND2BX1       4  1.6   130   148    4604    (-,-) 
  g26000/Y                                           -       B1->Y  R     AOI221X1       1  0.4   102   161    4765    (-,-) 
  g25999/Y                                           -       C0->Y  F     OAI211X1       1  0.3   125   150    4916    (-,-) 
  g25992/Y                                           -       C0->Y  R     AOI221X1       1  0.4   105   138    5053    (-,-) 
  g25980/Y                                           -       C0->Y  F     OAI211X1       2  0.4   133   157    5210    (-,-) 
  g25978/Y                                           -       A->Y   R     INVXL          1  0.2    35    93    5303    (-,-) 
  g25967/Y                                           -       C->Y   R     AND3X2        32 11.4   167   318    5621    (-,-) 
  g25859/Y                                           -       A0->Y  R     AO22XL         1  0.2    24   248    5869    (-,-) 
  g25747/Y                                           -       B0->Y  R     AO21X2        36 14.2   179   173    6042    (-,-) 
  EXMEM_alu_sub_12_31_Y_EXMEM_alu_add_11_31_g3443/Y  -       S0->Y  R     MXI2XL         1  0.6   101   160    6203    (-,-) 
  EXMEM_alu_sub_12_31_Y_EXMEM_alu_add_11_31_g3426/CO -       CI->CO R     ADDFX1         1  0.6    39   218    6420    (-,-) 
  EXMEM_alu_sub_12_31_Y_EXMEM_alu_add_11_31_g3425/CO -       CI->CO R     ADDFX1         1  0.6    39   186    6606    (-,-) 
  EXMEM_alu_sub_12_31_Y_EXMEM_alu_add_11_31_g3424/CO -       CI->CO R     ADDFX1         1  0.6    39   186    6792    (-,-) 
  EXMEM_alu_sub_12_31_Y_EXMEM_alu_add_11_31_g3423/CO -       CI->CO R     ADDFX1         1  0.6    39   186    6978    (-,-) 
  EXMEM_alu_sub_12_31_Y_EXMEM_alu_add_11_31_g3422/CO -       CI->CO R     ADDFX1         1  0.6    39   186    7164    (-,-) 
  EXMEM_alu_sub_12_31_Y_EXMEM_alu_add_11_31_g3421/CO -       CI->CO R     ADDFX1         1  0.6    39   186    7350    (-,-) 
  EXMEM_alu_sub_12_31_Y_EXMEM_alu_add_11_31_g3420/CO -       CI->CO R     ADDFX1         1  0.6    39   186    7536    (-,-) 
  EXMEM_alu_sub_12_31_Y_EXMEM_alu_add_11_31_g3419/CO -       CI->CO R     ADDFX1         1  0.6    39   186    7722    (-,-) 
  EXMEM_alu_sub_12_31_Y_EXMEM_alu_add_11_31_g3418/CO -       CI->CO R     ADDFX1         1  0.6    39   186    7908    (-,-) 
  EXMEM_alu_sub_12_31_Y_EXMEM_alu_add_11_31_g3417/CO -       CI->CO R     ADDFX1         1  0.6    39   186    8094    (-,-) 
  EXMEM_alu_sub_12_31_Y_EXMEM_alu_add_11_31_g3416/CO -       CI->CO R     ADDFX1         1  0.6    39   186    8280    (-,-) 
  EXMEM_alu_sub_12_31_Y_EXMEM_alu_add_11_31_g3415/CO -       CI->CO R     ADDFX1         1  0.6    39   186    8466    (-,-) 
  EXMEM_alu_sub_12_31_Y_EXMEM_alu_add_11_31_g3414/CO -       CI->CO R     ADDFX1         1  0.6    39   186    8652    (-,-) 
  EXMEM_alu_sub_12_31_Y_EXMEM_alu_add_11_31_g3413/CO -       CI->CO R     ADDFX1         1  0.6    39   186    8838    (-,-) 
  EXMEM_alu_sub_12_31_Y_EXMEM_alu_add_11_31_g3412/CO -       CI->CO R     ADDFX1         1  0.6    39   186    9024    (-,-) 
  EXMEM_alu_sub_12_31_Y_EXMEM_alu_add_11_31_g3411/CO -       CI->CO R     ADDFX1         1  0.6    39   186    9210    (-,-) 
  EXMEM_alu_sub_12_31_Y_EXMEM_alu_add_11_31_g3410/CO -       CI->CO R     ADDFX1         1  0.6    39   186    9396    (-,-) 
  EXMEM_alu_sub_12_31_Y_EXMEM_alu_add_11_31_g3409/CO -       CI->CO R     ADDFX1         1  0.6    39   186    9582    (-,-) 
  EXMEM_alu_sub_12_31_Y_EXMEM_alu_add_11_31_g3408/CO -       CI->CO R     ADDFX1         1  0.6    39   186    9768    (-,-) 
  EXMEM_alu_sub_12_31_Y_EXMEM_alu_add_11_31_g3407/CO -       CI->CO R     ADDFX1         1  0.6    39   186    9954    (-,-) 
  EXMEM_alu_sub_12_31_Y_EXMEM_alu_add_11_31_g3406/CO -       CI->CO R     ADDFX1         1  0.6    39   186   10140    (-,-) 
  EXMEM_alu_sub_12_31_Y_EXMEM_alu_add_11_31_g3405/CO -       CI->CO R     ADDFX1         1  0.6    39   186   10326    (-,-) 
  EXMEM_alu_sub_12_31_Y_EXMEM_alu_add_11_31_g3404/CO -       CI->CO R     ADDFX1         1  0.6    39   186   10512    (-,-) 
  EXMEM_alu_sub_12_31_Y_EXMEM_alu_add_11_31_g3403/CO -       CI->CO R     ADDFX1         1  0.6    39   186   10698    (-,-) 
  EXMEM_alu_sub_12_31_Y_EXMEM_alu_add_11_31_g3402/CO -       CI->CO R     ADDFX1         1  0.6    39   186   10884    (-,-) 
  EXMEM_alu_sub_12_31_Y_EXMEM_alu_add_11_31_g3401/CO -       CI->CO R     ADDFX1         1  0.6    39   186   11070    (-,-) 
  EXMEM_alu_sub_12_31_Y_EXMEM_alu_add_11_31_g3400/CO -       CI->CO R     ADDFX1         1  0.6    39   186   11256    (-,-) 
  EXMEM_alu_sub_12_31_Y_EXMEM_alu_add_11_31_g3399/CO -       CI->CO R     ADDFX1         1  0.6    39   186   11442    (-,-) 
  EXMEM_alu_sub_12_31_Y_EXMEM_alu_add_11_31_g3398/CO -       CI->CO R     ADDFX1         1  0.6    39   186   11628    (-,-) 
  EXMEM_alu_sub_12_31_Y_EXMEM_alu_add_11_31_g3397/CO -       CI->CO R     ADDFX1         1  0.6    39   186   11814    (-,-) 
  EXMEM_alu_sub_12_31_Y_EXMEM_alu_add_11_31_g3396/CO -       CI->CO R     ADDFX1         1  0.4    35   184   11998    (-,-) 
  EXMEM_alu_sub_12_31_Y_EXMEM_alu_add_11_31_g3395/Y  -       B->Y   F     XNOR2X1        1  0.2    23   127   12125    (-,-) 
  g23926/Y                                           -       A->Y   F     AND2X1         1  0.7    32    68   12193    (-,-) 
  g23753/Y                                           -       D->Y   F     OR4X6          2 40.3   238   330   12523    (-,-) 
  debug_ALUResult[31]                                <<<     -      F     (port)         -    -     -     0   12523    (-,-) 
#----------------------------------------------------------------------------------------------------------------------------

