============================================================
  Generated by:           Genus(TM) Synthesis Solution 22.17-s071_1
  Generated on:           Jan 16 2026  08:10:11 pm
  Module:                 topo
  Operating conditions:   PVT_0P9V_125C (balanced_tree)
  Wireload mode:          enclosed
  Area mode:              timing library
============================================================

Timing
--------

Clock  Period 
--------------
clk   30000.0 


  Cost    Critical         Violating 
 Group   Path Slack  TNS     Paths   
-------------------------------------
clk          7877.0   0.0          0 
default    No paths   0.0            
-------------------------------------
Total                 0.0          0 

Instance Count
--------------
Leaf Instance Count             3554 
Physical Instance count            0 
Sequential Instance Count       1220 
Combinational Instance Count    2334 
Hierarchical Instance Count        0 

Area
----
Cell Area                          13530.888
Physical Cell Area                 0.000
Total Cell Area (Cell+Physical)    13530.888
Net Area                           0.000
Total Area (Cell+Physical+Net)     13530.888

Max Fanout                         1220 (clk)
Min Fanout                         0 (n_176)
Average Fanout                     3.5
Terms to net ratio                 4.4838
Terms to instance ratio            4.5633
Runtime                            45.87161099999997 seconds
Elapsed Runtime                    45 seconds
Genus peak memory usage            2194.53 
Innovus peak memory usage          no_value 
Hostname                           localhost
