============================================================
  Generated by:           Genus(TM) Synthesis Solution 22.17-s071_1
  Generated on:           Jan 16 2026  08:15:34 pm
  Module:                 topo
  Operating conditions:   PVT_0P9V_125C (balanced_tree)
  Wireload mode:          enclosed
  Area mode:              timing library
============================================================

Timing
--------

Clock  Period 
--------------
clk   10000.0 


  Cost    Critical         Violating 
 Group   Path Slack  TNS     Paths   
-------------------------------------
clk             6.1   0.0          0 
default    No paths   0.0            
-------------------------------------
Total                 0.0          0 

Instance Count
--------------
Leaf Instance Count             3658 
Physical Instance count            0 
Sequential Instance Count       1220 
Combinational Instance Count    2438 
Hierarchical Instance Count        0 

Area
----
Cell Area                          13601.066
Physical Cell Area                 0.000
Total Cell Area (Cell+Physical)    13601.066
Net Area                           0.000
Total Area (Cell+Physical+Net)     13601.066

Max Fanout                         1220 (clk)
Min Fanout                         0 (n_538)
Average Fanout                     3.5
Terms to net ratio                 4.4897
Terms to instance ratio            4.5068
Runtime                            52.55703699999999 seconds
Elapsed Runtime                    51 seconds
Genus peak memory usage            2199.94 
Innovus peak memory usage          no_value 
Hostname                           localhost
