============================================================
  Generated by:           Genus(TM) Synthesis Solution 22.17-s071_1
  Generated on:           Jan 16 2026  08:15:34 pm
  Module:                 topo
  Operating conditions:   PVT_0P9V_125C (balanced_tree)
  Wireload mode:          enclosed
  Area mode:              timing library
============================================================

                                
   Gate    Instances    Area        Library    
-----------------------------------------------
ADDFX1             6     30.780    slow_vdd1v0 
ADDFXL             1      6.840    slow_vdd1v0 
AND2X1            41     56.088    slow_vdd1v0 
AND2X2            39     66.690    slow_vdd1v0 
AND2XL            34     46.512    slow_vdd1v0 
AND4X1             1      2.394    slow_vdd1v0 
AO21X1            31     74.214    slow_vdd1v0 
AO21X2             2      5.472    slow_vdd1v0 
AO22XL            39    106.704    slow_vdd1v0 
AOI21X1            6     10.260    slow_vdd1v0 
AOI221X1           8     19.152    slow_vdd1v0 
AOI222X1          83    255.474    slow_vdd1v0 
AOI22X1          340    697.680    slow_vdd1v0 
AOI22XL          686   1407.672    slow_vdd1v0 
AOI2BB1XL         27     55.404    slow_vdd1v0 
AOI31X1            2      4.104    slow_vdd1v0 
AOI32X1            7     16.758    slow_vdd1v0 
BUFX2              1      1.710    slow_vdd1v0 
BUFX4             36     86.184    slow_vdd1v0 
BUFX6              1      3.078    slow_vdd1v0 
CLKBUFX2           1      1.710    slow_vdd1v0 
CLKXOR2X1          1      2.736    slow_vdd1v0 
DFFHQX1            8     43.776    slow_vdd1v0 
DFFHQX8           31    286.254    slow_vdd1v0 
DFFQX4             1      7.182    slow_vdd1v0 
DFFQXL           155    848.160    slow_vdd1v0 
DFFRHQX1           2     12.312    slow_vdd1v0 
DFFRHQX4          27    258.552    slow_vdd1v0 
DFFRX4             1      9.576    slow_vdd1v0 
DFFX1              3     21.546    slow_vdd1v0 
INVX1             95     64.980    slow_vdd1v0 
INVX2              3      3.078    slow_vdd1v0 
INVXL             11      7.524    slow_vdd1v0 
MX2XL             32     76.608    slow_vdd1v0 
MXI2XL            16     38.304    slow_vdd1v0 
NAND2BX1          37     50.616    slow_vdd1v0 
NAND2BXL           4      5.472    slow_vdd1v0 
NAND2X1           55     56.430    slow_vdd1v0 
NAND2X2            2      3.420    slow_vdd1v0 
NAND2X4            1      3.146    slow_vdd1v0 
NAND2XL            8      8.208    slow_vdd1v0 
NAND3X1           65    111.150    slow_vdd1v0 
NAND4BBXL          1      3.078    slow_vdd1v0 
NAND4BX1           1      2.394    slow_vdd1v0 
NAND4XL          196    335.160    slow_vdd1v0 
NOR2BX1           41     56.088    slow_vdd1v0 
NOR2BX2            2      5.472    slow_vdd1v0 
NOR2X1            57     58.482    slow_vdd1v0 
NOR2X2             8     13.680    slow_vdd1v0 
NOR2XL             8      8.208    slow_vdd1v0 
NOR3BX1            1      2.052    slow_vdd1v0 
NOR3X1             2      3.420    slow_vdd1v0 
NOR3XL             1      1.710    slow_vdd1v0 
NOR4BBX1           1      2.736    slow_vdd1v0 
NOR4X1            34     58.140    slow_vdd1v0 
NOR4X6             1      8.208    slow_vdd1v0 
OA21X1             6     12.312    slow_vdd1v0 
OA22X1             5     11.970    slow_vdd1v0 
OAI211X1          11     18.810    slow_vdd1v0 
OAI21X1           13     22.230    slow_vdd1v0 
OAI221X1          12     28.728    slow_vdd1v0 
OAI222X1          10     27.360    slow_vdd1v0 
OAI22X1           54    110.808    slow_vdd1v0 
OAI2BB1X1        132    225.720    slow_vdd1v0 
OAI31X1            2      4.104    slow_vdd1v0 
OAI32X1            3      7.182    slow_vdd1v0 
OR2X1              8     10.944    slow_vdd1v0 
OR2X2             13     22.230    slow_vdd1v0 
OR2X6              1      3.762    slow_vdd1v0 
OR2XL              7      9.576    slow_vdd1v0 
OR3XL              2      4.104    slow_vdd1v0 
OR4X1             41     84.132    slow_vdd1v0 
SDFFQX1          992   7463.808    slow_vdd1v0 
XNOR2X1           42    100.548    slow_vdd1v0 
-----------------------------------------------
total           3658  13601.066                


                                          
     Type      Instances    Area   Area % 
------------------------------------------
sequential          1220  8951.166   65.8 
inverter             109    75.582    0.6 
buffer                39    92.682    0.7 
logic               2290  4481.636   33.0 
physical_cells         0     0.000    0.0 
------------------------------------------
total               3658 13601.066  100.0 

