============================================================
  Generated by:           Genus(TM) Synthesis Solution 22.17-s071_1
  Generated on:           Jan 16 2026  08:15:34 pm
  Module:                 topo
  Operating conditions:   PVT_0P9V_125C (balanced_tree)
  Wireload mode:          enclosed
  Area mode:              timing library
============================================================


Path 1: MET (6 ps) Late External Delay Assertion at pin debug_ALUResult[31]
          Group: clk
     Startpoint: (R) II2_reg[0]/CK
          Clock: (R) clk
       Endpoint: (F) debug_ALUResult[31]
          Clock: (R) clk

                     Capture       Launch     
        Clock Edge:+   10000            0     
       Src Latency:+     500          500     
       Net Latency:+     300 (I)      300 (I) 
           Arrival:=   10800          800     
                                              
      Output Delay:-    3000                  
       Uncertainty:-    1000                  
     Required Time:=    6800                  
      Launch Clock:-     800                  
         Data Path:-    5994                  
             Slack:=       6                  

Exceptions/Constraints:
  output_delay             3000            constraints_ppa2.sdc_line_49_32_1 

#----------------------------------------------------------------------------------------------------------------------------
#                   Timing Point                     Flags    Arc   Edge   Cell     Fanout Load Trans Delay Arrival Instance 
#                                                                                          (fF)  (ps)  (ps)   (ps)  Location 
#----------------------------------------------------------------------------------------------------------------------------
  II2_reg[0]/CK                                      -       -      R     (arrival)   1220    -  1000     0     800    (-,-) 
  II2_reg[0]/Q                                       -       CK->Q  F     DFFHQX8        8 42.0   159   841    1641    (-,-) 
  g25599/Y                                           -       A->Y   F     OR3XL          1  0.4    36   229    1869    (-,-) 
  g25584/Y                                           -       A2->Y  R     OAI31X1        2  0.4    97    88    1957    (-,-) 
  g25579/Y                                           -       AN->Y  R     NAND2BX1       4  1.2    64   112    2069    (-,-) 
  g25561/Y                                           -       B->Y   R     MX2XL          1  0.4    29   164    2233    (-,-) 
  g25555/Y                                           -       B->Y   F     NOR2X1         2  0.4    39    35    2268    (-,-) 
  g25549/Y                                           -       B->Y   F     AND2X1        32 10.2   266   208    2476    (-,-) 
  g41882/Y                                           -       A0->Y  F     AO22XL         1  0.2    27   258    2734    (-,-) 
  g41881/Y                                           -       B0->Y  F     AO21X2        35 14.0   203   237    2970    (-,-) 
  EXMEM_alu_sub_12_31_Y_EXMEM_alu_add_11_31_g1527/Y  -       S0->Y  R     MXI2XL         1  0.6   103   168    3138    (-,-) 
  g41925/CO                                          -       CI->CO R     ADDFXL         2  0.4    32   200    3338    (-,-) 
  EXMEM_alu_sub_12_31_Y_EXMEM_alu_add_11_31_g1407/Y  -       A1N->Y R     OAI2BB1X1      2  0.6    41   128    3467    (-,-) 
  EXMEM_alu_sub_12_31_Y_EXMEM_alu_add_11_31_g1404/Y  -       A1N->Y R     OAI2BB1X1      2  0.6    40   132    3599    (-,-) 
  EXMEM_alu_sub_12_31_Y_EXMEM_alu_add_11_31_g1402/Y  -       A1N->Y R     OAI2BB1X1      3  0.8    44   134    3733    (-,-) 
  EXMEM_alu_sub_12_31_Y_EXMEM_alu_add_11_31_g1401/Y  -       A1N->Y R     OAI2BB1X1      2  0.6    34   134    3867    (-,-) 
  EXMEM_alu_sub_12_31_Y_EXMEM_alu_add_11_31_g1397/Y  -       A1N->Y R     OAI2BB1X1      1  0.6    40   129    3996    (-,-) 
  EXMEM_alu_sub_12_31_Y_EXMEM_alu_add_11_31_g1395/CO -       CI->CO R     ADDFX1         3  0.8    43   189    4185    (-,-) 
  EXMEM_alu_sub_12_31_Y_EXMEM_alu_add_11_31_g1394/Y  -       A->Y   R     AND2X1         2  0.8    32   133    4317    (-,-) 
  EXMEM_alu_sub_12_31_Y_EXMEM_alu_add_11_31_g1391/Y  -       B->Y   F     NAND2X1        1  0.3    54    56    4373    (-,-) 
  EXMEM_alu_sub_12_31_Y_EXMEM_alu_add_11_31_g1389/Y  -       C0->Y  R     OAI211X1       3  1.2   109    58    4431    (-,-) 
  EXMEM_alu_sub_12_31_Y_EXMEM_alu_add_11_31_g1385/Y  -       B->Y   F     NAND2X1        2  0.5    71   104    4536    (-,-) 
  EXMEM_alu_sub_12_31_Y_EXMEM_alu_add_11_31_g1382/Y  -       D->Y   R     NOR4X1         1  0.4   120   103    4639    (-,-) 
  EXMEM_alu_sub_12_31_Y_EXMEM_alu_add_11_31_g1378/Y  -       B->Y   F     NOR2X1         3  1.1    61    99    4738    (-,-) 
  EXMEM_alu_sub_12_31_Y_EXMEM_alu_add_11_31_g1375/Y  -       C->Y   R     NOR3X1         2  0.8   106    96    4834    (-,-) 
  EXMEM_alu_sub_12_31_Y_EXMEM_alu_add_11_31_g1371/Y  -       B->Y   F     NAND2X1        1  0.3    60    97    4931    (-,-) 
  EXMEM_alu_sub_12_31_Y_EXMEM_alu_add_11_31_g1369/Y  -       C0->Y  R     OAI211X1       2  0.6    83    55    4986    (-,-) 
  EXMEM_alu_sub_12_31_Y_EXMEM_alu_add_11_31_g1364/Y  -       AN->Y  R     NOR2BX1        3  1.0    73   133    5119    (-,-) 
  EXMEM_alu_sub_12_31_Y_EXMEM_alu_add_11_31_g1360/Y  -       B1->Y  F     AOI221X1       3  1.2   155   130    5249    (-,-) 
  EXMEM_alu_sub_12_31_Y_EXMEM_alu_add_11_31_g1357/Y  -       A1->Y  R     OAI221X1       1  0.6   114   153    5402    (-,-) 
  EXMEM_alu_sub_12_31_Y_EXMEM_alu_add_11_31_g1350/CO -       CI->CO R     ADDFX1         1  0.6    39   224    5627    (-,-) 
  EXMEM_alu_sub_12_31_Y_EXMEM_alu_add_11_31_g1349/CO -       CI->CO R     ADDFX1         1  0.6    39   186    5813    (-,-) 
  EXMEM_alu_sub_12_31_Y_EXMEM_alu_add_11_31_g1348/CO -       CI->CO R     ADDFX1         1  0.6    39   186    5999    (-,-) 
  EXMEM_alu_sub_12_31_Y_EXMEM_alu_add_11_31_g1347/CO -       CI->CO R     ADDFX1         1  0.6    39   186    6185    (-,-) 
  EXMEM_alu_sub_12_31_Y_EXMEM_alu_add_11_31_g1346/CO -       CI->CO R     ADDFX1         1  0.4    35   184    6369    (-,-) 
  EXMEM_alu_sub_12_31_Y_EXMEM_alu_add_11_31_g1345/Y  -       B->Y   F     XNOR2X1        1  0.2    23   127    6495    (-,-) 
  g9/Y                                               -       B->Y   F     AND2X1         1  0.7    31    73    6568    (-,-) 
  g41848/Y                                           -       A->Y   F     OR2X6          2 40.3   206   226    6794    (-,-) 
  debug_ALUResult[31]                                <<<     -      F     (port)         -    -     -     0    6794    (-,-) 
#----------------------------------------------------------------------------------------------------------------------------

