============================================================
  Generated by:           Genus(TM) Synthesis Solution 22.17-s071_1
  Generated on:           Jan 16 2026  08:18:08 pm
  Module:                 topo
  Operating conditions:   PVT_0P9V_125C (balanced_tree)
  Wireload mode:          enclosed
  Area mode:              timing library
============================================================

Timing
--------

Clock  Period 
--------------
clk   20000.0 


  Cost    Critical         Violating 
 Group   Path Slack  TNS     Paths   
-------------------------------------
clk          2645.5   0.0          0 
default    No paths   0.0            
-------------------------------------
Total                 0.0          0 

Instance Count
--------------
Leaf Instance Count             3557 
Physical Instance count            0 
Sequential Instance Count       1220 
Combinational Instance Count    2337 
Hierarchical Instance Count        0 

Area
----
Cell Area                          13544.226
Physical Cell Area                 0.000
Total Cell Area (Cell+Physical)    13544.226
Net Area                           0.000
Total Area (Cell+Physical+Net)     13544.226

Max Fanout                         1220 (clk)
Min Fanout                         0 (n_591)
Average Fanout                     3.5
Terms to net ratio                 4.4793
Terms to instance ratio            4.5561
Runtime                            52.35621999999999 seconds
Elapsed Runtime                    51 seconds
Genus peak memory usage            2195.80 
Innovus peak memory usage          no_value 
Hostname                           localhost
