============================================================
  Generated by:           Genus(TM) Synthesis Solution 22.17-s071_1
  Generated on:           Jan 16 2026  08:18:08 pm
  Module:                 topo
  Operating conditions:   PVT_0P9V_125C (balanced_tree)
  Wireload mode:          enclosed
  Area mode:              timing library
============================================================

                                
   Gate    Instances    Area        Library    
-----------------------------------------------
ADDFX1            31    159.030    slow_vdd1v0 
AND2X1            68     93.024    slow_vdd1v0 
AND2X2            84    143.640    slow_vdd1v0 
AND2XL            37     50.616    slow_vdd1v0 
AND4X2             1      3.078    slow_vdd1v0 
AO21X1             2      4.788    slow_vdd1v0 
AO21X2             2      5.472    slow_vdd1v0 
AO21XL             1      2.394    slow_vdd1v0 
AO22XL            41    112.176    slow_vdd1v0 
AOI211XL           2      4.104    slow_vdd1v0 
AOI21X1           32     54.720    slow_vdd1v0 
AOI221X1           7     16.758    slow_vdd1v0 
AOI222X1          72    221.616    slow_vdd1v0 
AOI22X1         1026   2105.352    slow_vdd1v0 
AOI22XL            5     10.260    slow_vdd1v0 
AOI2BB1XL         27     55.404    slow_vdd1v0 
AOI32X1            2      4.788    slow_vdd1v0 
BUFX4             32     76.608    slow_vdd1v0 
CLKBUFX2           1      1.710    slow_vdd1v0 
DFFHQX1           67    366.624    slow_vdd1v0 
DFFHQX8            5     46.170    slow_vdd1v0 
DFFQX4             2     14.364    slow_vdd1v0 
DFFQXL            98    536.256    slow_vdd1v0 
DFFRHQX1           2     12.312    slow_vdd1v0 
DFFRHQX4          27    258.552    slow_vdd1v0 
DFFRX4             1      9.576    slow_vdd1v0 
DFFX1             26    186.732    slow_vdd1v0 
INVX1             73     49.932    slow_vdd1v0 
INVX2              2      2.052    slow_vdd1v0 
INVXL              8      5.472    slow_vdd1v0 
MX2X1              1      2.394    slow_vdd1v0 
MX2XL              6     14.364    slow_vdd1v0 
MXI2XL            37     88.578    slow_vdd1v0 
NAND2BX1          22     30.096    slow_vdd1v0 
NAND2X1           34     34.884    slow_vdd1v0 
NAND2XL            1      1.026    slow_vdd1v0 
NAND3BXL           1      1.710    slow_vdd1v0 
NAND3X1           67    114.570    slow_vdd1v0 
NAND4BX1           1      2.394    slow_vdd1v0 
NAND4XL          192    328.320    slow_vdd1v0 
NOR2BX1           87    119.016    slow_vdd1v0 
NOR2BX2            1      2.736    slow_vdd1v0 
NOR2X1            26     26.676    slow_vdd1v0 
NOR2X2             1      1.710    slow_vdd1v0 
NOR2XL             3      3.078    slow_vdd1v0 
NOR3X1             9     15.390    slow_vdd1v0 
NOR4X1            29     49.590    slow_vdd1v0 
OA21X1             4      8.208    slow_vdd1v0 
OA22X1             1      2.394    slow_vdd1v0 
OAI211X1          10     17.100    slow_vdd1v0 
OAI21XL            1      1.710    slow_vdd1v0 
OAI221X1           9     21.546    slow_vdd1v0 
OAI222X1          11     30.096    slow_vdd1v0 
OAI22X1           73    149.796    slow_vdd1v0 
OAI2BB1X1         46     78.660    slow_vdd1v0 
OAI2BB1X2          2      6.156    slow_vdd1v0 
OAI31X1            3      6.156    slow_vdd1v0 
OR2X1              4      5.472    slow_vdd1v0 
OR2X2             12     20.520    slow_vdd1v0 
OR2XL              5      6.840    slow_vdd1v0 
OR4X1             47     96.444    slow_vdd1v0 
OR4X6             31    169.632    slow_vdd1v0 
SDFFQX1          992   7463.808    slow_vdd1v0 
XNOR2X1            4      9.576    slow_vdd1v0 
-----------------------------------------------
total           3557  13544.226                


                                          
     Type      Instances    Area   Area % 
------------------------------------------
sequential          1220  8894.394   65.7 
inverter              83    57.456    0.4 
buffer                33    78.318    0.6 
logic               2221  4514.058   33.3 
physical_cells         0     0.000    0.0 
------------------------------------------
total               3557 13544.226  100.0 

