============================================================
  Generated by:           Genus(TM) Synthesis Solution 22.17-s071_1
  Generated on:           Jan 16 2026  08:18:08 pm
  Module:                 topo
  Operating conditions:   PVT_0P9V_125C (balanced_tree)
  Wireload mode:          enclosed
  Area mode:              timing library
============================================================


Path 1: MET (2646 ps) Late External Delay Assertion at pin debug_ALUResult[31]
          Group: clk
     Startpoint: (R) II2_reg[4]/CK
          Clock: (R) clk
       Endpoint: (F) debug_ALUResult[31]
          Clock: (R) clk

                     Capture       Launch     
        Clock Edge:+   20000            0     
       Src Latency:+    1000         1000     
       Net Latency:+     600 (I)      600 (I) 
           Arrival:=   21600         1600     
                                              
      Output Delay:-    6000                  
       Uncertainty:-    2000                  
     Required Time:=   13600                  
      Launch Clock:-    1600                  
         Data Path:-    9354                  
             Slack:=    2646                  

Exceptions/Constraints:
  output_delay             6000            constraints_ppa1.sdc_line_49_32_1 

#---------------------------------------------------------------------------------------------------------------------------
#                   Timing Point                    Flags    Arc   Edge   Cell     Fanout Load Trans Delay Arrival Instance 
#                                                                                         (fF)  (ps)  (ps)   (ps)  Location 
#---------------------------------------------------------------------------------------------------------------------------
  II2_reg[4]/CK                                     -       -      R     (arrival)   1220    -  2000     0    1600    (-,-) 
  II2_reg[4]/Q                                      -       CK->Q  R     DFFHQX8        8 42.4   127  1320    2920    (-,-) 
  g25954/Y                                          -       A->Y   F     INVX1          7  2.4    91   118    3039    (-,-) 
  g25935/Y                                          -       C->Y   R     NAND3BXL       1  0.4    48    77    3116    (-,-) 
  g25924/Y                                          -       A2->Y  F     OAI31X1        2  0.5   105    86    3202    (-,-) 
  g25920/Y                                          -       B->Y   R     NOR2X1         4  1.4   102   112    3314    (-,-) 
  g25909/Y                                          -       A1->Y  F     OAI22X1        1  0.2    92   131    3445    (-,-) 
  g25899/Y                                          -       C0->Y  R     AOI211XL       1  0.4   111   122    3567    (-,-) 
  g25892/Y                                          -       C0->Y  F     OAI211X1       2  0.4   133   160    3727    (-,-) 
  g25891/Y                                          -       A->Y   R     INVXL          1  0.2    36    93    3820    (-,-) 
  g25889/Y                                          -       B->Y   R     AND2X1        32 10.0   221   244    4064    (-,-) 
  g25691/Y                                          -       B0->Y  R     AO22XL         1  0.2    24   235    4299    (-,-) 
  g25662/Y                                          -       B0->Y  R     AO21X2        36 14.4   180   174    4473    (-,-) 
  EXMEM_alu_sub_12_31_Y_EXMEM_alu_add_11_31_g991/Y  -       S0->Y  R     MXI2XL         1  0.6   101   161    4634    (-,-) 
  EXMEM_alu_sub_12_31_Y_EXMEM_alu_add_11_31_g989/CO -       CI->CO R     ADDFX1         1  0.6    39   218    4852    (-,-) 
  EXMEM_alu_sub_12_31_Y_EXMEM_alu_add_11_31_g988/CO -       CI->CO R     ADDFX1         1  0.6    39   186    5038    (-,-) 
  EXMEM_alu_sub_12_31_Y_EXMEM_alu_add_11_31_g987/CO -       CI->CO R     ADDFX1         1  0.6    39   186    5224    (-,-) 
  EXMEM_alu_sub_12_31_Y_EXMEM_alu_add_11_31_g986/CO -       CI->CO R     ADDFX1         1  0.6    39   186    5410    (-,-) 
  EXMEM_alu_sub_12_31_Y_EXMEM_alu_add_11_31_g985/CO -       CI->CO R     ADDFX1         1  0.6    39   186    5596    (-,-) 
  EXMEM_alu_sub_12_31_Y_EXMEM_alu_add_11_31_g984/CO -       CI->CO R     ADDFX1         1  0.6    39   186    5782    (-,-) 
  EXMEM_alu_sub_12_31_Y_EXMEM_alu_add_11_31_g983/CO -       CI->CO R     ADDFX1         1  0.6    39   186    5968    (-,-) 
  EXMEM_alu_sub_12_31_Y_EXMEM_alu_add_11_31_g982/CO -       CI->CO R     ADDFX1         1  0.6    39   186    6154    (-,-) 
  EXMEM_alu_sub_12_31_Y_EXMEM_alu_add_11_31_g981/CO -       CI->CO R     ADDFX1         1  0.6    39   186    6340    (-,-) 
  EXMEM_alu_sub_12_31_Y_EXMEM_alu_add_11_31_g980/CO -       CI->CO R     ADDFX1         1  0.6    39   186    6526    (-,-) 
  EXMEM_alu_sub_12_31_Y_EXMEM_alu_add_11_31_g979/CO -       CI->CO R     ADDFX1         1  0.6    39   186    6712    (-,-) 
  EXMEM_alu_sub_12_31_Y_EXMEM_alu_add_11_31_g978/CO -       CI->CO R     ADDFX1         1  0.6    39   186    6898    (-,-) 
  EXMEM_alu_sub_12_31_Y_EXMEM_alu_add_11_31_g977/CO -       CI->CO R     ADDFX1         1  0.6    39   186    7084    (-,-) 
  EXMEM_alu_sub_12_31_Y_EXMEM_alu_add_11_31_g976/CO -       CI->CO R     ADDFX1         1  0.6    39   186    7270    (-,-) 
  EXMEM_alu_sub_12_31_Y_EXMEM_alu_add_11_31_g975/CO -       CI->CO R     ADDFX1         1  0.6    39   186    7456    (-,-) 
  EXMEM_alu_sub_12_31_Y_EXMEM_alu_add_11_31_g974/CO -       CI->CO R     ADDFX1         1  0.6    39   186    7642    (-,-) 
  EXMEM_alu_sub_12_31_Y_EXMEM_alu_add_11_31_g973/CO -       CI->CO R     ADDFX1         1  0.6    39   186    7828    (-,-) 
  EXMEM_alu_sub_12_31_Y_EXMEM_alu_add_11_31_g972/CO -       CI->CO R     ADDFX1         1  0.6    39   186    8014    (-,-) 
  EXMEM_alu_sub_12_31_Y_EXMEM_alu_add_11_31_g971/CO -       CI->CO R     ADDFX1         1  0.6    39   186    8200    (-,-) 
  EXMEM_alu_sub_12_31_Y_EXMEM_alu_add_11_31_g970/CO -       CI->CO R     ADDFX1         1  0.6    39   186    8386    (-,-) 
  EXMEM_alu_sub_12_31_Y_EXMEM_alu_add_11_31_g969/CO -       CI->CO R     ADDFX1         1  0.6    39   186    8572    (-,-) 
  EXMEM_alu_sub_12_31_Y_EXMEM_alu_add_11_31_g968/CO -       CI->CO R     ADDFX1         1  0.6    39   186    8758    (-,-) 
  EXMEM_alu_sub_12_31_Y_EXMEM_alu_add_11_31_g967/CO -       CI->CO R     ADDFX1         1  0.6    39   186    8944    (-,-) 
  EXMEM_alu_sub_12_31_Y_EXMEM_alu_add_11_31_g966/CO -       CI->CO R     ADDFX1         1  0.6    39   186    9130    (-,-) 
  EXMEM_alu_sub_12_31_Y_EXMEM_alu_add_11_31_g965/CO -       CI->CO R     ADDFX1         1  0.6    39   186    9316    (-,-) 
  EXMEM_alu_sub_12_31_Y_EXMEM_alu_add_11_31_g964/CO -       CI->CO R     ADDFX1         1  0.6    39   186    9502    (-,-) 
  EXMEM_alu_sub_12_31_Y_EXMEM_alu_add_11_31_g963/CO -       CI->CO R     ADDFX1         1  0.6    39   186    9688    (-,-) 
  EXMEM_alu_sub_12_31_Y_EXMEM_alu_add_11_31_g962/CO -       CI->CO R     ADDFX1         1  0.6    39   186    9874    (-,-) 
  EXMEM_alu_sub_12_31_Y_EXMEM_alu_add_11_31_g961/CO -       CI->CO R     ADDFX1         1  0.6    39   186   10060    (-,-) 
  EXMEM_alu_sub_12_31_Y_EXMEM_alu_add_11_31_g960/CO -       CI->CO R     ADDFX1         1  0.6    39   186   10246    (-,-) 
  EXMEM_alu_sub_12_31_Y_EXMEM_alu_add_11_31_g959/CO -       CI->CO R     ADDFX1         1  0.4    35   184   10430    (-,-) 
  EXMEM_alu_sub_12_31_Y_EXMEM_alu_add_11_31_g958/Y  -       B->Y   F     XNOR2X1        1  0.2    23   127   10556    (-,-) 
  g24578/Y                                          -       A->Y   F     AND2X1         1  0.7    32    68   10625    (-,-) 
  g24403/Y                                          -       D->Y   F     OR4X6          2 40.3   238   330   10954    (-,-) 
  debug_ALUResult[31]                               <<<     -      F     (port)         -    -     -     0   10954    (-,-) 
#---------------------------------------------------------------------------------------------------------------------------

